<?xml version="1.0" encoding="UTF-8"?>
<testng-results total="1" passed="1" failed="0" skipped="0">
  <reporter-output>
  </reporter-output>
  <suite started-at="2021-12-23T12:24:02Z" name="Stevia-Test-Suite" finished-at="2021-12-23T12:24:28Z" duration-ms="25595">
    <groups>
    </groups>
    <test started-at="2021-12-23T12:24:02Z" name="Test amazon gift card price" finished-at="2021-12-23T12:24:28Z" duration-ms="25595">
      <class name="com.assignmentPersado.tests.GiftCardPriceVerify">
        <test-method is-config="true" signature="configureSuiteSettings(org.testng.ITestContext)[pri:0, instance:com.assignmentPersado.tests.GiftCardPriceVerify@2638011]" started-at="2021-12-23T12:24:01Z" name="configureSuiteSettings" finished-at="2021-12-23T12:24:01Z" duration-ms="54" status="PASS">
          <params>
            <param index="0">
              <value>
                <![CDATA[org.testng.TestRunner@5e746d37]]>
              </value>
            </param>
          </params>
        </test-method> <!-- configureSuiteSettings -->
        <test-method is-config="true" signature="springTestContextPrepareTestInstance()[pri:0, instance:com.assignmentPersado.tests.GiftCardPriceVerify@2638011]" started-at="2021-12-23T12:24:01Z" name="springTestContextPrepareTestInstance" finished-at="2021-12-23T12:24:02Z" duration-ms="630" status="PASS">
        </test-method> <!-- springTestContextPrepareTestInstance -->
        <test-method is-config="true" signature="contextInitBeforeTest(org.testng.ITestContext)[pri:0, instance:com.assignmentPersado.tests.GiftCardPriceVerify@2638011]" started-at="2021-12-23T12:24:03Z" name="contextInitBeforeTest" finished-at="2021-12-23T12:24:11Z" duration-ms="8565" status="PASS">
          <params>
            <param index="0">
              <value>
                <![CDATA[org.testng.TestRunner@5e746d37]]>
              </value>
            </param>
          </params>
        </test-method> <!-- contextInitBeforeTest -->
        <test-method is-config="true" signature="springTestContextPrepareTestInstance()[pri:0, instance:com.assignmentPersado.tests.GiftCardPriceVerify@2638011]" started-at="2021-12-23T12:24:11Z" name="springTestContextPrepareTestInstance" finished-at="2021-12-23T12:24:11Z" duration-ms="7" status="PASS">
        </test-method> <!-- springTestContextPrepareTestInstance -->
        <test-method is-config="true" signature="springTestContextBeforeTestClass()[pri:0, instance:com.assignmentPersado.tests.GiftCardPriceVerify@2638011]" started-at="2021-12-23T12:24:11Z" name="springTestContextBeforeTestClass" finished-at="2021-12-23T12:24:11Z" duration-ms="6" status="PASS">
        </test-method> <!-- springTestContextBeforeTestClass -->
        <test-method is-config="true" signature="contextInitBeforeClass(org.testng.ITestContext)[pri:0, instance:com.assignmentPersado.tests.GiftCardPriceVerify@2638011]" started-at="2021-12-23T12:24:11Z" name="contextInitBeforeClass" finished-at="2021-12-23T12:24:11Z" duration-ms="14" status="PASS">
          <params>
            <param index="0">
              <value>
                <![CDATA[org.testng.TestRunner@5e746d37]]>
              </value>
            </param>
          </params>
        </test-method> <!-- contextInitBeforeClass -->
        <test-method is-config="true" signature="springTestContextPrepareTestInstance()[pri:0, instance:com.assignmentPersado.tests.GiftCardPriceVerify@2638011]" started-at="2021-12-23T12:24:11Z" name="springTestContextPrepareTestInstance" finished-at="2021-12-23T12:24:11Z" duration-ms="31" status="PASS">
        </test-method> <!-- springTestContextPrepareTestInstance -->
        <test-method is-config="true" signature="springTestContextBeforeTestMethod(java.lang.reflect.Method)[pri:0, instance:com.assignmentPersado.tests.GiftCardPriceVerify@2638011]" started-at="2021-12-23T12:24:11Z" name="springTestContextBeforeTestMethod" finished-at="2021-12-23T12:24:11Z" duration-ms="21" status="PASS">
          <params>
            <param index="0">
              <value>
                <![CDATA[public void com.assignmentPersado.tests.GiftCardPriceVerify.verifyGiftCardPriceInTheCart()]]>
              </value>
            </param>
          </params>
        </test-method> <!-- springTestContextBeforeTestMethod -->
        <test-method is-config="true" signature="contextInitBeforeMethod(org.testng.ITestContext)[pri:0, instance:com.assignmentPersado.tests.GiftCardPriceVerify@2638011]" started-at="2021-12-23T12:24:11Z" name="contextInitBeforeMethod" finished-at="2021-12-23T12:24:11Z" duration-ms="5" status="PASS">
          <params>
            <param index="0">
              <value>
                <![CDATA[org.testng.TestRunner@5e746d37]]>
              </value>
            </param>
          </params>
        </test-method> <!-- contextInitBeforeMethod -->
        <test-method signature="verifyGiftCardPriceInTheCart()[pri:0, instance:com.assignmentPersado.tests.GiftCardPriceVerify@2638011]" started-at="2021-12-23T12:24:11Z" name="verifyGiftCardPriceInTheCart" finished-at="2021-12-23T12:24:27Z" duration-ms="15331" status="PASS">
        </test-method> <!-- verifyGiftCardPriceInTheCart -->
        <test-method is-config="true" signature="cleanContextOnMethod(org.testng.ITestContext)[pri:0, instance:com.assignmentPersado.tests.GiftCardPriceVerify@2638011]" started-at="2021-12-23T12:24:27Z" name="cleanContextOnMethod" finished-at="2021-12-23T12:24:27Z" duration-ms="4" status="PASS">
          <params>
            <param index="0">
              <value>
                <![CDATA[org.testng.TestRunner@5e746d37]]>
              </value>
            </param>
          </params>
        </test-method> <!-- cleanContextOnMethod -->
        <test-method is-config="true" signature="springTestContextAfterTestMethod(java.lang.reflect.Method)[pri:0, instance:com.assignmentPersado.tests.GiftCardPriceVerify@2638011]" started-at="2021-12-23T12:24:27Z" name="springTestContextAfterTestMethod" finished-at="2021-12-23T12:24:27Z" duration-ms="4" status="PASS">
          <params>
            <param index="0">
              <value>
                <![CDATA[public void com.assignmentPersado.tests.GiftCardPriceVerify.verifyGiftCardPriceInTheCart()]]>
              </value>
            </param>
          </params>
        </test-method> <!-- springTestContextAfterTestMethod -->
        <test-method is-config="true" signature="afterClassClean(org.testng.ITestContext)[pri:0, instance:com.assignmentPersado.tests.GiftCardPriceVerify@2638011]" started-at="2021-12-23T12:24:27Z" name="afterClassClean" finished-at="2021-12-23T12:24:27Z" duration-ms="2" status="PASS">
          <params>
            <param index="0">
              <value>
                <![CDATA[org.testng.TestRunner@5e746d37]]>
              </value>
            </param>
          </params>
        </test-method> <!-- afterClassClean -->
        <test-method is-config="true" signature="springTestContextAfterTestClass()[pri:0, instance:com.assignmentPersado.tests.GiftCardPriceVerify@2638011]" started-at="2021-12-23T12:24:27Z" name="springTestContextAfterTestClass" finished-at="2021-12-23T12:24:27Z" duration-ms="3" status="PASS">
        </test-method> <!-- springTestContextAfterTestClass -->
        <test-method is-config="true" signature="cleanContextOnTest(org.testng.ITestContext)[pri:0, instance:com.assignmentPersado.tests.GiftCardPriceVerify@2638011]" started-at="2021-12-23T12:24:27Z" name="cleanContextOnTest" finished-at="2021-12-23T12:24:28Z" duration-ms="739" status="PASS">
          <params>
            <param index="0">
              <value>
                <![CDATA[org.testng.TestRunner@5e746d37]]>
              </value>
            </param>
          </params>
        </test-method> <!-- cleanContextOnTest -->
      </class> <!-- com.assignmentPersado.tests.GiftCardPriceVerify -->
    </test> <!-- Test amazon gift card price -->
  </suite> <!-- Stevia-Test-Suite -->
</testng-results>
