<?xml version="1.0" encoding="UTF-8"?>
<testng-results total="1" passed="1" failed="0" skipped="0">
  <reporter-output>
  </reporter-output>
  <suite started-at="2021-12-23T00:07:45Z" name="Stevia-Test-Suite" finished-at="2021-12-23T00:08:11Z" duration-ms="26131">
    <groups>
    </groups>
    <test started-at="2021-12-23T00:07:45Z" name="Test amazon gift card price" finished-at="2021-12-23T00:08:11Z" duration-ms="26131">
      <class name="com.assignmentPersado.tests.GiftCardPriceVerify">
        <test-method is-config="true" signature="configureSuiteSettings(org.testng.ITestContext)[pri:0, instance:com.assignmentPersado.tests.GiftCardPriceVerify@2638011]" started-at="2021-12-23T00:07:45Z" name="configureSuiteSettings" finished-at="2021-12-23T00:07:45Z" duration-ms="46" status="PASS">
          <params>
            <param index="0">
              <value>
                <![CDATA[org.testng.TestRunner@4016ccc1]]>
              </value>
            </param>
          </params>
        </test-method> <!-- configureSuiteSettings -->
        <test-method is-config="true" signature="springTestContextPrepareTestInstance()[pri:0, instance:com.assignmentPersado.tests.GiftCardPriceVerify@2638011]" started-at="2021-12-23T00:07:45Z" name="springTestContextPrepareTestInstance" finished-at="2021-12-23T00:07:45Z" duration-ms="582" status="PASS">
        </test-method> <!-- springTestContextPrepareTestInstance -->
        <test-method is-config="true" signature="contextInitBeforeTest(org.testng.ITestContext)[pri:0, instance:com.assignmentPersado.tests.GiftCardPriceVerify@2638011]" started-at="2021-12-23T00:07:46Z" name="contextInitBeforeTest" finished-at="2021-12-23T00:07:56Z" duration-ms="10359" status="PASS">
          <params>
            <param index="0">
              <value>
                <![CDATA[org.testng.TestRunner@4016ccc1]]>
              </value>
            </param>
          </params>
        </test-method> <!-- contextInitBeforeTest -->
        <test-method is-config="true" signature="springTestContextPrepareTestInstance()[pri:0, instance:com.assignmentPersado.tests.GiftCardPriceVerify@2638011]" started-at="2021-12-23T00:07:56Z" name="springTestContextPrepareTestInstance" finished-at="2021-12-23T00:07:56Z" duration-ms="9" status="PASS">
        </test-method> <!-- springTestContextPrepareTestInstance -->
        <test-method is-config="true" signature="springTestContextBeforeTestClass()[pri:0, instance:com.assignmentPersado.tests.GiftCardPriceVerify@2638011]" started-at="2021-12-23T00:07:56Z" name="springTestContextBeforeTestClass" finished-at="2021-12-23T00:07:56Z" duration-ms="8" status="PASS">
        </test-method> <!-- springTestContextBeforeTestClass -->
        <test-method is-config="true" signature="contextInitBeforeClass(org.testng.ITestContext)[pri:0, instance:com.assignmentPersado.tests.GiftCardPriceVerify@2638011]" started-at="2021-12-23T00:07:56Z" name="contextInitBeforeClass" finished-at="2021-12-23T00:07:56Z" duration-ms="6" status="PASS">
          <params>
            <param index="0">
              <value>
                <![CDATA[org.testng.TestRunner@4016ccc1]]>
              </value>
            </param>
          </params>
        </test-method> <!-- contextInitBeforeClass -->
        <test-method is-config="true" signature="springTestContextPrepareTestInstance()[pri:0, instance:com.assignmentPersado.tests.GiftCardPriceVerify@2638011]" started-at="2021-12-23T00:07:56Z" name="springTestContextPrepareTestInstance" finished-at="2021-12-23T00:07:56Z" duration-ms="10" status="PASS">
        </test-method> <!-- springTestContextPrepareTestInstance -->
        <test-method is-config="true" signature="springTestContextBeforeTestMethod(java.lang.reflect.Method)[pri:0, instance:com.assignmentPersado.tests.GiftCardPriceVerify@2638011]" started-at="2021-12-23T00:07:56Z" name="springTestContextBeforeTestMethod" finished-at="2021-12-23T00:07:56Z" duration-ms="18" status="PASS">
          <params>
            <param index="0">
              <value>
                <![CDATA[public void com.assignmentPersado.tests.GiftCardPriceVerify.verifyGiftCardPriceInTheCart()]]>
              </value>
            </param>
          </params>
        </test-method> <!-- springTestContextBeforeTestMethod -->
        <test-method is-config="true" signature="contextInitBeforeMethod(org.testng.ITestContext)[pri:0, instance:com.assignmentPersado.tests.GiftCardPriceVerify@2638011]" started-at="2021-12-23T00:07:56Z" name="contextInitBeforeMethod" finished-at="2021-12-23T00:07:57Z" duration-ms="11" status="PASS">
          <params>
            <param index="0">
              <value>
                <![CDATA[org.testng.TestRunner@4016ccc1]]>
              </value>
            </param>
          </params>
        </test-method> <!-- contextInitBeforeMethod -->
        <test-method signature="verifyGiftCardPriceInTheCart()[pri:0, instance:com.assignmentPersado.tests.GiftCardPriceVerify@2638011]" started-at="2021-12-23T00:07:57Z" name="verifyGiftCardPriceInTheCart" finished-at="2021-12-23T00:08:11Z" duration-ms="14074" status="PASS">
        </test-method> <!-- verifyGiftCardPriceInTheCart -->
        <test-method is-config="true" signature="cleanContextOnMethod(org.testng.ITestContext)[pri:0, instance:com.assignmentPersado.tests.GiftCardPriceVerify@2638011]" started-at="2021-12-23T00:08:11Z" name="cleanContextOnMethod" finished-at="2021-12-23T00:08:11Z" duration-ms="3" status="PASS">
          <params>
            <param index="0">
              <value>
                <![CDATA[org.testng.TestRunner@4016ccc1]]>
              </value>
            </param>
          </params>
        </test-method> <!-- cleanContextOnMethod -->
        <test-method is-config="true" signature="springTestContextAfterTestMethod(java.lang.reflect.Method)[pri:0, instance:com.assignmentPersado.tests.GiftCardPriceVerify@2638011]" started-at="2021-12-23T00:08:11Z" name="springTestContextAfterTestMethod" finished-at="2021-12-23T00:08:11Z" duration-ms="4" status="PASS">
          <params>
            <param index="0">
              <value>
                <![CDATA[public void com.assignmentPersado.tests.GiftCardPriceVerify.verifyGiftCardPriceInTheCart()]]>
              </value>
            </param>
          </params>
        </test-method> <!-- springTestContextAfterTestMethod -->
        <test-method is-config="true" signature="afterClassClean(org.testng.ITestContext)[pri:0, instance:com.assignmentPersado.tests.GiftCardPriceVerify@2638011]" started-at="2021-12-23T00:08:11Z" name="afterClassClean" finished-at="2021-12-23T00:08:11Z" duration-ms="2" status="PASS">
          <params>
            <param index="0">
              <value>
                <![CDATA[org.testng.TestRunner@4016ccc1]]>
              </value>
            </param>
          </params>
        </test-method> <!-- afterClassClean -->
        <test-method is-config="true" signature="springTestContextAfterTestClass()[pri:0, instance:com.assignmentPersado.tests.GiftCardPriceVerify@2638011]" started-at="2021-12-23T00:08:11Z" name="springTestContextAfterTestClass" finished-at="2021-12-23T00:08:11Z" duration-ms="4" status="PASS">
        </test-method> <!-- springTestContextAfterTestClass -->
        <test-method is-config="true" signature="cleanContextOnTest(org.testng.ITestContext)[pri:0, instance:com.assignmentPersado.tests.GiftCardPriceVerify@2638011]" started-at="2021-12-23T00:08:11Z" name="cleanContextOnTest" finished-at="2021-12-23T00:08:11Z" duration-ms="782" status="PASS">
          <params>
            <param index="0">
              <value>
                <![CDATA[org.testng.TestRunner@4016ccc1]]>
              </value>
            </param>
          </params>
        </test-method> <!-- cleanContextOnTest -->
      </class> <!-- com.assignmentPersado.tests.GiftCardPriceVerify -->
    </test> <!-- Test amazon gift card price -->
  </suite> <!-- Stevia-Test-Suite -->
</testng-results>
